<?xml version="1.0" encoding="utf-8"?>
<TestRun id="eeef961c-c3e7-4e9a-962e-6035bd417ebe" name="bhaac@HAACK-DESKTOP 2026-09-08 12:58:19" runUser="HAACK-DESKTOP\bhaac" xmlns="http://microsoft.com/schemas/VisualStudio/TeamTest/2010">
  <Times creation="2026-09-08T12:58:19.5689871-07:00" queuing="2026-09-08T12:58:19.5689876-07:00" start="2026-09-08T12:58:12.6076237-07:00" finish="2026-09-08T12:58:21.2755330-07:00" />
  <TestSettings name="default" id="b7e7ea87-83cc-4eff-a39f-620a38b4a93c">
    <Deployment runDeploymentRoot="bhaac_HAACK-DESKTOP_2026-09-08_12_58_19" />
  </TestSettings>
  <Results>
    <UnitTestResult executionId="67d0f3b9-7972-4142-bb59-8633a10dbe55" testId="068f1efd-ef34-843d-ed0b-03e857044050" testName="PhaenoPortal.Test.DepartmentAccessPostgresTests.QuotePdfUsesFrozenBillingTermsAndReportsMalformedStoredLines" computerName="HAACK-DESKTOP" duration="00:00:00.1586101" startTime="2026-09-08T12:58:21.0189806-07:00" endTime="2026-09-08T12:58:21.1775995-07:00" testType="13cdc9d9-ddb5-4fa4-a97d-d965ccfc6d4b" outcome="Passed" testListId="8c84fa94-04c1-424b-9868-57a2d4851a1d" relativeResultsDirectory="67d0f3b9-7972-4142-bb59-8633a10dbe55" />
    <UnitTestResult executionId="15484be8-075f-42e8-955b-2dde1159d461" testId="759b42cf-9315-995f-3242-83b261211da2" testName="PhaenoPortal.Test.DepartmentAccessPostgresTests.QuotePdfRejectsRevokedDepartmentAndOrganizationMemberships" computerName="HAACK-DESKTOP" duration="00:00:00.1681048" startTime="2026-09-08T12:58:20.6462244-07:00" endTime="2026-09-08T12:58:20.8138979-07:00" testType="13cdc9d9-ddb5-4fa4-a97d-d965ccfc6d4b" outcome="Passed" testListId="8c84fa94-04c1-424b-9868-57a2d4851a1d" relativeResultsDirectory="15484be8-075f-42e8-955b-2dde1159d461" />
    <UnitTestResult executionId="1da7c978-fa8c-429d-913e-1ee65153080c" testId="ff77f486-c9fa-49b9-84e1-d398fb06348d" testName="PhaenoPortal.Test.DepartmentAccessPostgresTests.QuotePdfRejectsOtherTenantDepartmentOrderAndUnavailableRevisions" computerName="HAACK-DESKTOP" duration="00:00:05.2937936" startTime="2026-09-08T12:58:14.2263849-07:00" endTime="2026-09-08T12:58:19.5323904-07:00" testType="13cdc9d9-ddb5-4fa4-a97d-d965ccfc6d4b" outcome="Passed" testListId="8c84fa94-04c1-424b-9868-57a2d4851a1d" relativeResultsDirectory="1da7c978-fa8c-429d-913e-1ee65153080c" />
    <UnitTestResult executionId="0b0cacca-a99f-43c0-b219-14152de591bd" testId="b33a35e6-9bd6-5326-3683-8bf256e9cead" testName="PhaenoPortal.Test.DepartmentAccessPostgresTests.QuotePdfAllowsOrdinaryMemberAndKeepsStoredCommercialDataUnchanged" computerName="HAACK-DESKTOP" duration="00:00:00.2041769" startTime="2026-09-08T12:58:20.8144745-07:00" endTime="2026-09-08T12:58:21.0185837-07:00" testType="13cdc9d9-ddb5-4fa4-a97d-d965ccfc6d4b" outcome="Passed" testListId="8c84fa94-04c1-424b-9868-57a2d4851a1d" relativeResultsDirectory="0b0cacca-a99f-43c0-b219-14152de591bd" />
    <UnitTestResult executionId="268b936a-e6a6-4e74-a22a-c113940571ce" testId="1406416b-3d65-89dc-f86e-a0bd9850701c" testName="PhaenoPortal.Test.DepartmentAccessPostgresTests.QuotePdfKeepsIssuedHistoricalRevisionsAvailableToMembers" computerName="HAACK-DESKTOP" duration="00:00:01.1097727" startTime="2026-09-08T12:58:19.5540336-07:00" endTime="2026-09-08T12:58:20.6452277-07:00" testType="13cdc9d9-ddb5-4fa4-a97d-d965ccfc6d4b" outcome="Passed" testListId="8c84fa94-04c1-424b-9868-57a2d4851a1d" relativeResultsDirectory="268b936a-e6a6-4e74-a22a-c113940571ce" />
  </Results>
  <TestDefinitions>
    <UnitTest name="PhaenoPortal.Test.DepartmentAccessPostgresTests.QuotePdfRejectsRevokedDepartmentAndOrganizationMemberships" storage="d:\__dev\phaeno-portal\artifacts\quote-pdf-access-tests\bin\pseq.operations.test\debug\pseq.operations.test.dll" id="759b42cf-9315-995f-3242-83b261211da2">
      <Execution id="15484be8-075f-42e8-955b-2dde1159d461" />
      <TestMethod codeBase="D:\__dev\phaeno-portal\artifacts\quote-pdf-access-tests\bin\PSeq.Operations.Test\debug\PSeq.Operations.Test.dll" adapterTypeName="executor://xunit/VsTestRunner3/netcore/" className="PhaenoPortal.Test.DepartmentAccessPostgresTests" name="QuotePdfRejectsRevokedDepartmentAndOrganizationMemberships" />
    </UnitTest>
    <UnitTest name="PhaenoPortal.Test.DepartmentAccessPostgresTests.QuotePdfKeepsIssuedHistoricalRevisionsAvailableToMembers" storage="d:\__dev\phaeno-portal\artifacts\quote-pdf-access-tests\bin\pseq.operations.test\debug\pseq.operations.test.dll" id="1406416b-3d65-89dc-f86e-a0bd9850701c">
      <Execution id="268b936a-e6a6-4e74-a22a-c113940571ce" />
      <TestMethod codeBase="D:\__dev\phaeno-portal\artifacts\quote-pdf-access-tests\bin\PSeq.Operations.Test\debug\PSeq.Operations.Test.dll" adapterTypeName="executor://xunit/VsTestRunner3/netcore/" className="PhaenoPortal.Test.DepartmentAccessPostgresTests" name="QuotePdfKeepsIssuedHistoricalRevisionsAvailableToMembers" />
    </UnitTest>
    <UnitTest name="PhaenoPortal.Test.DepartmentAccessPostgresTests.QuotePdfRejectsOtherTenantDepartmentOrderAndUnavailableRevisions" storage="d:\__dev\phaeno-portal\artifacts\quote-pdf-access-tests\bin\pseq.operations.test\debug\pseq.operations.test.dll" id="ff77f486-c9fa-49b9-84e1-d398fb06348d">
      <Execution id="1da7c978-fa8c-429d-913e-1ee65153080c" />
      <TestMethod codeBase="D:\__dev\phaeno-portal\artifacts\quote-pdf-access-tests\bin\PSeq.Operations.Test\debug\PSeq.Operations.Test.dll" adapterTypeName="executor://xunit/VsTestRunner3/netcore/" className="PhaenoPortal.Test.DepartmentAccessPostgresTests" name="QuotePdfRejectsOtherTenantDepartmentOrderAndUnavailableRevisions" />
    </UnitTest>
    <UnitTest name="PhaenoPortal.Test.DepartmentAccessPostgresTests.QuotePdfAllowsOrdinaryMemberAndKeepsStoredCommercialDataUnchanged" storage="d:\__dev\phaeno-portal\artifacts\quote-pdf-access-tests\bin\pseq.operations.test\debug\pseq.operations.test.dll" id="b33a35e6-9bd6-5326-3683-8bf256e9cead">
      <Execution id="0b0cacca-a99f-43c0-b219-14152de591bd" />
      <TestMethod codeBase="D:\__dev\phaeno-portal\artifacts\quote-pdf-access-tests\bin\PSeq.Operations.Test\debug\PSeq.Operations.Test.dll" adapterTypeName="executor://xunit/VsTestRunner3/netcore/" className="PhaenoPortal.Test.DepartmentAccessPostgresTests" name="QuotePdfAllowsOrdinaryMemberAndKeepsStoredCommercialDataUnchanged" />
    </UnitTest>
    <UnitTest name="PhaenoPortal.Test.DepartmentAccessPostgresTests.QuotePdfUsesFrozenBillingTermsAndReportsMalformedStoredLines" storage="d:\__dev\phaeno-portal\artifacts\quote-pdf-access-tests\bin\pseq.operations.test\debug\pseq.operations.test.dll" id="068f1efd-ef34-843d-ed0b-03e857044050">
      <Execution id="67d0f3b9-7972-4142-bb59-8633a10dbe55" />
      <TestMethod codeBase="D:\__dev\phaeno-portal\artifacts\quote-pdf-access-tests\bin\PSeq.Operations.Test\debug\PSeq.Operations.Test.dll" adapterTypeName="executor://xunit/VsTestRunner3/netcore/" className="PhaenoPortal.Test.DepartmentAccessPostgresTests" name="QuotePdfUsesFrozenBillingTermsAndReportsMalformedStoredLines" />
    </UnitTest>
  </TestDefinitions>
  <TestEntries>
    <TestEntry testId="068f1efd-ef34-843d-ed0b-03e857044050" executionId="67d0f3b9-7972-4142-bb59-8633a10dbe55" testListId="8c84fa94-04c1-424b-9868-57a2d4851a1d" />
    <TestEntry testId="759b42cf-9315-995f-3242-83b261211da2" executionId="15484be8-075f-42e8-955b-2dde1159d461" testListId="8c84fa94-04c1-424b-9868-57a2d4851a1d" />
    <TestEntry testId="ff77f486-c9fa-49b9-84e1-d398fb06348d" executionId="1da7c978-fa8c-429d-913e-1ee65153080c" testListId="8c84fa94-04c1-424b-9868-57a2d4851a1d" />
    <TestEntry testId="b33a35e6-9bd6-5326-3683-8bf256e9cead" executionId="0b0cacca-a99f-43c0-b219-14152de591bd" testListId="8c84fa94-04c1-424b-9868-57a2d4851a1d" />
    <TestEntry testId="1406416b-3d65-89dc-f86e-a0bd9850701c" executionId="268b936a-e6a6-4e74-a22a-c113940571ce" testListId="8c84fa94-04c1-424b-9868-57a2d4851a1d" />
  </TestEntries>
  <TestLists>
    <TestList name="Results Not in a List" id="8c84fa94-04c1-424b-9868-57a2d4851a1d" />
    <TestList name="All Loaded Results" id="19431567-8539-422a-85d7-44ee4e166bda" />
  </TestLists>
  <ResultSummary outcome="Completed">
    <Counters total="5" executed="5" passed="5" failed="0" error="0" timeout="0" aborted="0" inconclusive="0" passedButRunAborted="0" notRunnable="0" notExecuted="0" disconnected="0" warning="0" completed="0" inProgress="0" pending="0" />
    <Output>
      <StdOut>[xUnit.net 00:00:00.00] xUnit.net VSTest Adapter v3.1.5+1b188a7b0a (64-bit .NET 10.0.11)&#xD;
[xUnit.net 00:00:00.59]   Discovering: PSeq.Operations.Test&#xD;
[xUnit.net 00:00:00.72]   Discovered:  PSeq.Operations.Test&#xD;
[xUnit.net 00:00:00.75]   Starting:    PSeq.Operations.Test&#xD;
[xUnit.net 00:00:07.74]   Finished:    PSeq.Operations.Test&#xD;
</StdOut>
    </Output>
  </ResultSummary>
</TestRun>